[19-Jul-2025 16:56:48 UTC] PHP Fatal error:  Uncaught mysqli_sql_exception: No such file or directory in /Users/durgashankardasmangaraj/Downloads/manovaani.manomantapa.com/backend-otp/db.php:7
Stack trace:
#0 /Users/durgashankardasmangaraj/Downloads/manovaani.manomantapa.com/backend-otp/db.php(7): mysqli->__construct('localhost', 'i10163703_teb51', Object(SensitiveParameterValue), 'i10163703_teb51')
#1 /Users/durgashankardasmangaraj/Downloads/manovaani.manomantapa.com/backend-otp/index.php(46): require_once('/Users/durgasha...')
#2 {main}
  thrown in /Users/durgashankardasmangaraj/Downloads/manovaani.manomantapa.com/backend-otp/db.php on line 7
[19-Jul-2025 17:02:43 UTC] PHP Fatal error:  Uncaught mysqli_sql_exception: Connection refused in /Users/durgashankardasmangaraj/Downloads/manovaani.manomantapa.com/backend-otp/db.php:14
Stack trace:
#0 /Users/durgashankardasmangaraj/Downloads/manovaani.manomantapa.com/backend-otp/db.php(14): mysqli->__construct('127.0.0.1', 'root', Object(SensitiveParameterValue), 'i10163703_teb51')
#1 /Users/durgashankardasmangaraj/Downloads/manovaani.manomantapa.com/backend-otp/index.php(46): require_once('/Users/durgasha...')
#2 {main}
  thrown in /Users/durgashankardasmangaraj/Downloads/manovaani.manomantapa.com/backend-otp/db.php on line 14
[19-Jul-2025 17:09:53 UTC] PHP Warning:  Undefined variable $method in /Users/durgashankardasmangaraj/Downloads/manovaani.manomantapa.com/backend-otp/index.php on line 49
[19-Jul-2025 17:09:53 UTC] PHP Warning:  Undefined variable $method in /Users/durgashankardasmangaraj/Downloads/manovaani.manomantapa.com/backend-otp/index.php on line 60
[19-Jul-2025 18:11:37 UTC] PHP Warning:  Undefined variable $method in /Users/durgashankardasmangaraj/Downloads/manovaani.manomantapa.com/backend-otp/index.php on line 49
[19-Jul-2025 18:11:37 UTC] PHP Warning:  Undefined variable $method in /Users/durgashankardasmangaraj/Downloads/manovaani.manomantapa.com/backend-otp/index.php on line 60
[19-Jul-2025 18:14:56 UTC] PHP Warning:  Undefined variable $method in /Users/durgashankardasmangaraj/Downloads/manovaani.manomantapa.com/backend-otp/index.php on line 51
[19-Jul-2025 18:14:56 UTC] PHP Warning:  Undefined variable $method in /Users/durgashankardasmangaraj/Downloads/manovaani.manomantapa.com/backend-otp/index.php on line 58
[19-Jul-2025 18:17:22 UTC] PHP Fatal error:  Uncaught Error: Call to undefined function handleGetUser() in /Users/durgashankardasmangaraj/Downloads/manovaani.manomantapa.com/backend-otp/index.php:53
Stack trace:
#0 {main}
  thrown in /Users/durgashankardasmangaraj/Downloads/manovaani.manomantapa.com/backend-otp/index.php on line 53
[19-Jul-2025 18:20:27 UTC] PHP Fatal error:  Uncaught mysqli_sql_exception: Table 'i10163703_teb51.users' doesn't exist in /Users/durgashankardasmangaraj/Downloads/manovaani.manomantapa.com/backend-otp/index.php:337
Stack trace:
#0 /Users/durgashankardasmangaraj/Downloads/manovaani.manomantapa.com/backend-otp/index.php(337): mysqli->prepare('SELECT * FROM u...')
#1 /Users/durgashankardasmangaraj/Downloads/manovaani.manomantapa.com/backend-otp/index.php(53): handleGetUser(Array)
#2 {main}
  thrown in /Users/durgashankardasmangaraj/Downloads/manovaani.manomantapa.com/backend-otp/index.php on line 337
[19-Jul-2025 18:20:53 UTC] PHP Fatal error:  Uncaught mysqli_sql_exception: Table 'i10163703_teb51.users' doesn't exist in /Users/durgashankardasmangaraj/Downloads/manovaani.manomantapa.com/backend-otp/index.php:337
Stack trace:
#0 /Users/durgashankardasmangaraj/Downloads/manovaani.manomantapa.com/backend-otp/index.php(337): mysqli->prepare('SELECT * FROM u...')
#1 /Users/durgashankardasmangaraj/Downloads/manovaani.manomantapa.com/backend-otp/index.php(53): handleGetUser(Array)
#2 {main}
  thrown in /Users/durgashankardasmangaraj/Downloads/manovaani.manomantapa.com/backend-otp/index.php on line 337
[19-Jul-2025 19:31:45 UTC] PHP Fatal error:  Uncaught mysqli_sql_exception: Table 'i10163703_teb51.users' doesn't exist in /Users/durgashankardasmangaraj/Downloads/manovaani.manomantapa.com/backend-otp/index.php:337
Stack trace:
#0 /Users/durgashankardasmangaraj/Downloads/manovaani.manomantapa.com/backend-otp/index.php(337): mysqli->prepare('SELECT * FROM u...')
#1 /Users/durgashankardasmangaraj/Downloads/manovaani.manomantapa.com/backend-otp/index.php(53): handleGetUser(Array)
#2 {main}
  thrown in /Users/durgashankardasmangaraj/Downloads/manovaani.manomantapa.com/backend-otp/index.php on line 337
[19-Jul-2025 19:32:05 UTC] PHP Fatal error:  Uncaught mysqli_sql_exception: Table 'i10163703_teb51.users' doesn't exist in /Users/durgashankardasmangaraj/Downloads/manovaani.manomantapa.com/backend-otp/index.php:337
Stack trace:
#0 /Users/durgashankardasmangaraj/Downloads/manovaani.manomantapa.com/backend-otp/index.php(337): mysqli->prepare('SELECT * FROM u...')
#1 /Users/durgashankardasmangaraj/Downloads/manovaani.manomantapa.com/backend-otp/index.php(53): handleGetUser(Array)
#2 {main}
  thrown in /Users/durgashankardasmangaraj/Downloads/manovaani.manomantapa.com/backend-otp/index.php on line 337
[19-Jul-2025 19:41:46 UTC] PHP Fatal error:  Uncaught mysqli_sql_exception: Table 'i10163703_teb51.users' doesn't exist in /Users/durgashankardasmangaraj/Downloads/manovaani.manomantapa.com/backend-otp/index.php:298
Stack trace:
#0 /Users/durgashankardasmangaraj/Downloads/manovaani.manomantapa.com/backend-otp/index.php(298): mysqli->prepare('SELECT * FROM u...')
#1 /Users/durgashankardasmangaraj/Downloads/manovaani.manomantapa.com/backend-otp/index.php(66): handleGetUser(Array)
#2 {main}
  thrown in /Users/durgashankardasmangaraj/Downloads/manovaani.manomantapa.com/backend-otp/index.php on line 298
